<?xml version="1.0" encoding="UTF-8"?>
<!-- Generated by org.testng.reporters.JUnitXMLReporter -->
<testsuite ignored="0" hostname="BYOD-663311" failures="1" tests="20" name="Test" time="319.843" errors="0" timestamp="2024-08-18T20:19:08 IST">
  <testcase classname="com.tutorialsninja.qa.testcases.SearchTest" name="SearchWithExistingProduct" time="0.972"/>
  <testcase classname="com.tutorialsninja.qa.testcases.SearchTest" name="SearchWithNonExistingProduct" time="0.771"/>
  <testcase classname="com.tutorialsninja.qa.testcases.SearchTest" name="SearchWithoutAnyProductName" time="3.988"/>
  <testcase classname="com.tutorialsninja.qa.testcases.SearchTest" name="SearchingValidProductAfterLogin" time="4.677"/>
  <testcase classname="com.tutorialsninja.qa.testcases.SearchTest" name="AimtoFailTest" time="0.514">
    <failure type="java.lang.AssertionError" message="expected [false] but found [true]">
      <![CDATA[java.lang.AssertionError: expected [false] but found [true]
at com.tutorialsninja.qa.testcases.SearchTest.AimtoFailTest(SearchTest.java:80)
at java.base/java.util.ArrayList.forEach(ArrayList.java:1596)
... Removed 29 stack frames]]>
    </failure>
  </testcase> <!-- AimtoFailTest -->
  <testcase classname="com.tutorialsninja.qa.testcases.SearchTest" name="AimtoSkip" time="0.0">
    <skipped/>
  </testcase> <!-- AimtoSkip -->
  <testcase classname="com.tutorialsninja.qa.testcases.RegisterTest" name="RegisterByOnlyMandatoryField" time="3.287"/>
  <testcase classname="com.tutorialsninja.qa.testcases.RegisterTest" name="RegisterByAllFields" time="12.033"/>
  <testcase classname="com.tutorialsninja.qa.testcases.RegisterTest" name="RegisterWithSameDetails" time="1.873"/>
  <testcase classname="com.tutorialsninja.qa.testcases.RegisterTest" name="RegisterWithNoDetails" time="1.501"/>
  <testcase classname="com.tutorialsninja.qa.testcases.LoginTest" name="VerifyUsingValid" time="1.379"/>
  <testcase classname="com.tutorialsninja.qa.testcases.LoginTest" name="VerifyUsingValid" time="1.181"/>
  <testcase classname="com.tutorialsninja.qa.testcases.LoginTest" name="VerifyUsingValid" time="1.409"/>
  <testcase classname="com.tutorialsninja.qa.testcases.LoginTest" name="VerifyUsingInvalid" time="1.078"/>
  <testcase classname="com.tutorialsninja.qa.testcases.LoginTest" name="VerifyUsingValidUsernameInvalidPassword" time="0.987"/>
  <testcase classname="com.tutorialsninja.qa.testcases.LoginTest" name="VerifyUsignInvalidUsernameValidPassword" time="1.048"/>
  <testcase classname="com.tutorialsninja.qa.testcases.LoginTest" name="VerifyUsingNoCredentials" time="0.772"/>
  <testcase classname="com.tutorialsninja.qa.testcases.AddToCartTest" name="ValidateAddToCartProductDisplayPage" time="3.164"/>
  <testcase classname="com.tutorialsninja.qa.testcases.AddToCartTest" name="ValidateAddToCartSearchResultPage" time="3.345"/>
  <testcase classname="com.tutorialsninja.qa.testcases.AddToCartTest" name="ValidateAddToCartFeaturedItem" time="1.957"/>
</testsuite> <!-- Test -->
